<?xml version="1.0" encoding="UTF-8"?>
<!-- Generated by org.testng.reporters.JUnitReportReporter -->
<testsuite hostname="LAPTOP-DEVK9AU1" failures="0" tests="7" name="com.MyAppApplicationTestscode" time="19.139" errors="0" timestamp="2022-10-14T18:36:56 IST" skipped="0">
  <testcase classname="com.MyAppApplicationTestscode" name="testing" time="2.736"/>
  <system-out/>
  <testcase classname="com.MyAppApplicationTestscode" name="signup" time="3.244"/>
  <system-out/>
  <testcase classname="com.MyAppApplicationTestscode" name="signin" time="2.800"/>
  <system-out/>
  <testcase classname="com.MyAppApplicationTestscode" name="adminhome" time="2.226"/>
  <system-out/>
  <testcase classname="com.MyAppApplicationTestscode" name="userhome" time="2.473"/>
  <system-out/>
  <testcase classname="com.MyAppApplicationTestscode" name="loadusers" time="2.430"/>
  <system-out/>
  <testcase classname="com.MyAppApplicationTestscode" name="approve" time="3.230"/>
  <system-out/>
</testsuite> <!-- com.MyAppApplicationTestscode -->
